<?xml version="1.0" encoding="UTF-8"?>
<testng-results skipped="0" failed="0" ignored="0" total="1" passed="1">
  <reporter-output>
  </reporter-output>
  <suite name="Default suite" duration-ms="9171" started-at="2019-01-28T20:45:51Z" finished-at="2019-01-28T20:46:00Z">
    <groups>
    </groups>
    <test name="Default test" duration-ms="9171" started-at="2019-01-28T20:45:51Z" finished-at="2019-01-28T20:46:00Z">
      <class name="com.gsp.ns.gradskiPrevoz.test.Test1">
        <test-method status="PASS" signature="setupSelenium()[pri:0, instance:com.gsp.ns.gradskiPrevoz.test.Test1@481a15ff]" name="setupSelenium" is-config="true" duration-ms="6933" started-at="2019-01-28T20:45:51Z" finished-at="2019-01-28T20:45:58Z">
          <reporter-output>
          </reporter-output>
        </test-method> <!-- setupSelenium -->
        <test-method status="PASS" signature="test()[pri:0, instance:com.gsp.ns.gradskiPrevoz.test.Test1@481a15ff]" name="test" duration-ms="2213" started-at="2019-01-28T20:45:58Z" finished-at="2019-01-28T20:46:00Z">
          <reporter-output>
          </reporter-output>
        </test-method> <!-- test -->
      </class> <!-- com.gsp.ns.gradskiPrevoz.test.Test1 -->
    </test> <!-- Default test -->
  </suite> <!-- Default suite -->
</testng-results>
